----
RUNNING: tests/list_tests
FAILED: Wrong last value.
Tests run: 3
----
RUNNING: tests/list_tests
ALL TESTS PASSED
Tests run: 1
----
RUNNING: tests/list_tests
ALL TESTS PASSED
Tests run: 1
----
RUNNING: tests/list_tests
ALL TESTS PASSED
Tests run: 2
----
RUNNING: tests/list_tests
FAILED: Wrong last value.
Tests run: 3
